<?xml version="1.0" encoding="UTF-8"?>
<coverage generated="1742239810342" clover="3.2.0">
  <project timestamp="1742239810342" name="All files">
    <metrics statements="175" coveredstatements="175" conditionals="35" coveredconditionals="35" methods="20" coveredmethods="20" elements="230" coveredelements="230" complexity="0" loc="175" ncloc="175" packages="2" files="8" classes="8"/>
    <package name="controllers">
      <metrics statements="160" coveredstatements="160" conditionals="35" coveredconditionals="35" methods="20" coveredmethods="20"/>
      <file name="FriendController.ts" path="/Users/peterscholtens/Desktop/CPEN321_CMIYC/Back_End/controllers/FriendController.ts">
        <metrics statements="72" coveredstatements="72" conditionals="22" coveredconditionals="22" methods="8" coveredmethods="8"/>
        <line num="2" count="9" type="stmt"/>
        <line num="4" count="9" type="stmt"/>
        <line num="7" count="15" type="stmt"/>
        <line num="8" count="15" type="stmt"/>
        <line num="9" count="15" type="cond" truecount="2" falsecount="0"/>
        <line num="10" count="13" type="stmt"/>
        <line num="11" count="13" type="stmt"/>
        <line num="12" count="1" type="stmt"/>
        <line num="13" count="1" type="cond" truecount="1" falsecount="0"/>
        <line num="15" count="1" type="stmt"/>
        <line num="16" count="1" type="stmt"/>
        <line num="19" count="13" type="stmt"/>
        <line num="22" count="2" type="stmt"/>
        <line num="29" count="10" type="stmt"/>
        <line num="31" count="10" type="stmt"/>
        <line num="33" count="10" type="cond" truecount="3" falsecount="0"/>
        <line num="34" count="2" type="stmt"/>
        <line num="35" count="2" type="stmt"/>
        <line num="38" count="8" type="stmt"/>
        <line num="40" count="8" type="cond" truecount="1" falsecount="0"/>
        <line num="41" count="2" type="stmt"/>
        <line num="42" count="2" type="stmt"/>
        <line num="46" count="6" type="cond" truecount="3" falsecount="0"/>
        <line num="47" count="1" type="stmt"/>
        <line num="48" count="1" type="stmt"/>
        <line num="51" count="5" type="cond" truecount="1" falsecount="0"/>
        <line num="52" count="2" type="stmt"/>
        <line num="53" count="2" type="stmt"/>
        <line num="56" count="3" type="stmt"/>
        <line num="60" count="3" type="stmt"/>
        <line num="65" count="5" type="stmt"/>
        <line num="66" count="5" type="stmt"/>
        <line num="67" count="5" type="cond" truecount="2" falsecount="0"/>
        <line num="69" count="3" type="stmt"/>
        <line num="70" count="2" type="stmt"/>
        <line num="71" count="2" type="stmt"/>
        <line num="72" count="2" type="cond" truecount="1" falsecount="0"/>
        <line num="73" count="2" type="stmt"/>
        <line num="74" count="2" type="stmt"/>
        <line num="79" count="3" type="stmt"/>
        <line num="81" count="2" type="stmt"/>
        <line num="89" count="7" type="stmt"/>
        <line num="91" count="7" type="stmt"/>
        <line num="92" count="7" type="stmt"/>
        <line num="93" count="7" type="stmt"/>
        <line num="95" count="7" type="cond" truecount="3" falsecount="0"/>
        <line num="96" count="2" type="stmt"/>
        <line num="100" count="5" type="cond" truecount="1" falsecount="0"/>
        <line num="101" count="2" type="stmt"/>
        <line num="105" count="3" type="stmt"/>
        <line num="106" count="2" type="stmt"/>
        <line num="110" count="2" type="stmt"/>
        <line num="112" count="2" type="stmt"/>
        <line num="115" count="1" type="stmt"/>
        <line num="121" count="5" type="stmt"/>
        <line num="123" count="5" type="stmt"/>
        <line num="124" count="5" type="stmt"/>
        <line num="126" count="5" type="cond" truecount="1" falsecount="0"/>
        <line num="127" count="2" type="stmt"/>
        <line num="131" count="3" type="stmt"/>
        <line num="133" count="2" type="stmt"/>
        <line num="136" count="1" type="stmt"/>
        <line num="142" count="5" type="stmt"/>
        <line num="144" count="5" type="stmt"/>
        <line num="145" count="5" type="stmt"/>
        <line num="146" count="5" type="stmt"/>
        <line num="148" count="5" type="cond" truecount="3" falsecount="0"/>
        <line num="149" count="2" type="stmt"/>
        <line num="153" count="3" type="stmt"/>
        <line num="154" count="2" type="stmt"/>
        <line num="156" count="2" type="stmt"/>
        <line num="159" count="1" type="stmt"/>
      </file>
      <file name="LocationController.ts" path="/Users/peterscholtens/Desktop/CPEN321_CMIYC/Back_End/controllers/LocationController.ts">
        <metrics statements="10" coveredstatements="10" conditionals="1" coveredconditionals="1" methods="1" coveredmethods="1"/>
        <line num="2" count="9" type="stmt"/>
        <line num="4" count="9" type="stmt"/>
        <line num="7" count="14" type="stmt"/>
        <line num="8" count="14" type="stmt"/>
        <line num="11" count="14" type="stmt"/>
        <line num="12" count="14" type="cond" truecount="1" falsecount="0"/>
        <line num="13" count="2" type="stmt"/>
        <line num="14" count="2" type="stmt"/>
        <line num="18" count="12" type="stmt"/>
        <line num="19" count="12" type="stmt"/>
      </file>
      <file name="NotificationController.ts" path="/Users/peterscholtens/Desktop/CPEN321_CMIYC/Back_End/controllers/NotificationController.ts">
        <metrics statements="51" coveredstatements="51" conditionals="9" coveredconditionals="9" methods="6" coveredmethods="6"/>
        <line num="2" count="11" type="stmt"/>
        <line num="3" count="11" type="stmt"/>
        <line num="5" count="11" type="stmt"/>
        <line num="7" count="5" type="stmt"/>
        <line num="8" count="5" type="stmt"/>
        <line num="9" count="5" type="stmt"/>
        <line num="12" count="5" type="stmt"/>
        <line num="14" count="5" type="cond" truecount="1" falsecount="0"/>
        <line num="15" count="2" type="stmt"/>
        <line num="19" count="3" type="stmt"/>
        <line num="24" count="3" type="cond" truecount="1" falsecount="0"/>
        <line num="25" count="1" type="stmt"/>
        <line num="28" count="2" type="stmt"/>
        <line num="37" count="9" type="stmt"/>
        <line num="44" count="9" type="stmt"/>
        <line num="47" count="9" type="stmt"/>
        <line num="48" count="14" type="cond" truecount="1" falsecount="0"/>
        <line num="50" count="13" type="stmt"/>
        <line num="56" count="13" type="stmt"/>
        <line num="63" count="9" type="stmt"/>
        <line num="67" count="9" type="stmt"/>
        <line num="69" count="9" type="stmt"/>
        <line num="77" count="9" type="stmt"/>
        <line num="80" count="9" type="stmt"/>
        <line num="83" count="9" type="stmt"/>
        <line num="88" count="11" type="stmt"/>
        <line num="89" count="11" type="stmt"/>
        <line num="90" count="11" type="stmt"/>
        <line num="92" count="11" type="stmt"/>
        <line num="93" count="11" type="stmt"/>
        <line num="95" count="11" type="cond" truecount="1" falsecount="0"/>
        <line num="96" count="3" type="stmt"/>
        <line num="99" count="8" type="cond" truecount="1" falsecount="0"/>
        <line num="100" count="2" type="stmt"/>
        <line num="103" count="6" type="stmt"/>
        <line num="109" count="6" type="stmt"/>
        <line num="111" count="6" type="stmt"/>
        <line num="113" count="10" type="stmt"/>
        <line num="119" count="10" type="stmt"/>
        <line num="134" count="6" type="stmt"/>
        <line num="135" count="10" type="cond" truecount="1" falsecount="0"/>
        <line num="137" count="8" type="stmt"/>
        <line num="146" count="6" type="stmt"/>
        <line num="147" count="5" type="stmt"/>
        <line num="152" count="1" type="stmt"/>
        <line num="157" count="16" type="stmt"/>
        <line num="158" count="16" type="stmt"/>
        <line num="159" count="16" type="stmt"/>
        <line num="160" count="16" type="cond" truecount="1" falsecount="0"/>
        <line num="161" count="2" type="stmt"/>
        <line num="163" count="14" type="stmt"/>
      </file>
      <file name="UserController.ts" path="/Users/peterscholtens/Desktop/CPEN321_CMIYC/Back_End/controllers/UserController.ts">
        <metrics statements="27" coveredstatements="27" conditionals="3" coveredconditionals="3" methods="5" coveredmethods="5"/>
        <line num="2" count="9" type="stmt"/>
        <line num="4" count="9" type="stmt"/>
        <line num="7" count="5" type="stmt"/>
        <line num="9" count="5" type="stmt"/>
        <line num="10" count="5" type="cond" truecount="1" falsecount="0"/>
        <line num="11" count="3" type="cond" truecount="1" falsecount="0"/>
        <line num="12" count="1" type="stmt"/>
        <line num="14" count="2" type="stmt"/>
        <line num="16" count="2" type="stmt"/>
        <line num="17" count="2" type="stmt"/>
        <line num="18" count="2" type="stmt"/>
        <line num="19" count="2" type="stmt"/>
        <line num="20" count="2" type="stmt"/>
        <line num="21" count="2" type="stmt"/>
        <line num="25" count="2" type="stmt"/>
        <line num="26" count="2" type="stmt"/>
        <line num="27" count="2" type="stmt"/>
        <line num="28" count="8" type="stmt"/>
        <line num="30" count="7" type="stmt"/>
        <line num="31" count="7" type="stmt"/>
        <line num="33" count="2" type="stmt"/>
        <line num="37" count="4" type="stmt"/>
        <line num="38" count="4" type="stmt"/>
        <line num="39" count="4" type="cond" truecount="1" falsecount="0"/>
        <line num="40" count="2" type="stmt"/>
        <line num="42" count="2" type="stmt"/>
        <line num="43" count="2" type="stmt"/>
      </file>
    </package>
    <package name="routes">
      <metrics statements="15" coveredstatements="15" conditionals="0" coveredconditionals="0" methods="0" coveredmethods="0"/>
      <file name="FriendRoutes.ts" path="/Users/peterscholtens/Desktop/CPEN321_CMIYC/Back_End/routes/FriendRoutes.ts">
        <metrics statements="3" coveredstatements="3" conditionals="0" coveredconditionals="0" methods="0" coveredmethods="0"/>
        <line num="1" count="9" type="stmt"/>
        <line num="3" count="9" type="stmt"/>
        <line num="5" count="9" type="stmt"/>
      </file>
      <file name="LocationRoutes.ts" path="/Users/peterscholtens/Desktop/CPEN321_CMIYC/Back_End/routes/LocationRoutes.ts">
        <metrics statements="4" coveredstatements="4" conditionals="0" coveredconditionals="0" methods="0" coveredmethods="0"/>
        <line num="1" count="9" type="stmt"/>
        <line num="2" count="9" type="stmt"/>
        <line num="4" count="9" type="stmt"/>
        <line num="6" count="9" type="stmt"/>
      </file>
      <file name="NotificationRoutes.ts" path="/Users/peterscholtens/Desktop/CPEN321_CMIYC/Back_End/routes/NotificationRoutes.ts">
        <metrics statements="4" coveredstatements="4" conditionals="0" coveredconditionals="0" methods="0" coveredmethods="0"/>
        <line num="1" count="9" type="stmt"/>
        <line num="2" count="9" type="stmt"/>
        <line num="4" count="9" type="stmt"/>
        <line num="6" count="9" type="stmt"/>
      </file>
      <file name="UserRoutes.ts" path="/Users/peterscholtens/Desktop/CPEN321_CMIYC/Back_End/routes/UserRoutes.ts">
        <metrics statements="4" coveredstatements="4" conditionals="0" coveredconditionals="0" methods="0" coveredmethods="0"/>
        <line num="1" count="9" type="stmt"/>
        <line num="2" count="9" type="stmt"/>
        <line num="4" count="9" type="stmt"/>
        <line num="6" count="9" type="stmt"/>
      </file>
    </package>
  </project>
</coverage>
