TN:
SF:controllers/FriendController.ts
FN:6,(anonymous_8)
FN:28,(anonymous_10)
FN:64,(anonymous_12)
FN:70,(anonymous_14)
FN:70,(anonymous_15)
FN:88,(anonymous_16)
FN:124,(anonymous_18)
FN:145,(anonymous_20)
FNF:8
FNH:8
FNDA:5,(anonymous_8)
FNDA:10,(anonymous_10)
FNDA:5,(anonymous_12)
FNDA:2,(anonymous_14)
FNDA:2,(anonymous_15)
FNDA:7,(anonymous_16)
FNDA:5,(anonymous_18)
FNDA:5,(anonymous_20)
DA:2,8
DA:4,8
DA:7,5
DA:8,5
DA:9,5
DA:10,3
DA:11,3
DA:12,1
DA:13,1
DA:15,1
DA:16,1
DA:19,3
DA:22,2
DA:29,10
DA:31,10
DA:33,10
DA:34,2
DA:35,2
DA:38,8
DA:40,8
DA:41,2
DA:42,2
DA:46,6
DA:47,1
DA:48,1
DA:51,5
DA:52,2
DA:53,2
DA:56,3
DA:60,3
DA:65,5
DA:66,5
DA:67,5
DA:69,3
DA:70,2
DA:71,2
DA:72,2
DA:73,2
DA:74,2
DA:79,3
DA:81,2
DA:89,7
DA:91,7
DA:93,7
DA:94,7
DA:95,7
DA:97,7
DA:99,7
DA:100,2
DA:104,5
DA:105,2
DA:109,3
DA:110,2
DA:114,2
DA:116,2
DA:119,1
DA:125,5
DA:127,5
DA:128,5
DA:130,5
DA:131,2
DA:135,3
DA:137,2
DA:140,1
DA:146,5
DA:148,5
DA:149,5
DA:150,5
DA:152,5
DA:153,2
DA:157,3
DA:158,2
DA:160,2
DA:163,1
LF:74
LH:74
BRDA:9,0,0,3
BRDA:9,0,1,2
BRDA:13,1,0,1
BRDA:33,2,0,2
BRDA:33,3,0,10
BRDA:33,3,1,10
BRDA:40,4,0,2
BRDA:46,5,0,1
BRDA:46,6,0,6
BRDA:46,6,1,6
BRDA:51,7,0,2
BRDA:67,8,0,3
BRDA:67,8,1,2
BRDA:72,9,0,2
BRDA:99,10,0,2
BRDA:99,11,0,7
BRDA:99,11,1,5
BRDA:104,12,0,2
BRDA:130,13,0,2
BRDA:152,14,0,2
BRDA:152,15,0,5
BRDA:152,15,1,4
BRF:22
BRH:22
end_of_record
TN:
SF:controllers/LocationController.ts
FN:6,(anonymous_7)
FNF:1
FNH:1
FNDA:4,(anonymous_7)
DA:2,8
DA:4,8
DA:7,4
DA:8,4
DA:9,4
DA:12,4
DA:13,4
DA:14,2
DA:15,2
DA:19,2
DA:20,2
LF:11
LH:11
BRDA:13,0,0,2
BRF:1
BRH:1
end_of_record
TN:
SF:controllers/NotificationController.ts
FN:6,(anonymous_7)
FN:34,(anonymous_9)
FN:80,(anonymous_10)
FN:88,(anonymous_11)
FN:135,(anonymous_13)
FN:158,(anonymous_14)
FNF:6
FNH:6
FNDA:5,(anonymous_7)
FNDA:9,(anonymous_9)
FNDA:7,(anonymous_10)
FNDA:11,(anonymous_11)
FNDA:10,(anonymous_13)
FNDA:6,(anonymous_14)
DA:2,10
DA:3,10
DA:5,10
DA:7,5
DA:8,5
DA:9,5
DA:12,5
DA:14,5
DA:15,2
DA:19,3
DA:24,3
DA:25,1
DA:28,2
DA:37,9
DA:44,9
DA:47,9
DA:48,14
DA:50,13
DA:56,13
DA:63,9
DA:67,9
DA:69,9
DA:77,9
DA:80,9
DA:83,9
DA:84,9
DA:89,11
DA:90,11
DA:91,11
DA:93,11
DA:94,11
DA:96,11
DA:97,3
DA:100,8
DA:101,2
DA:104,6
DA:110,6
DA:112,6
DA:114,10
DA:120,10
DA:135,6
DA:136,10
DA:138,8
DA:147,6
DA:148,5
DA:153,1
DA:154,1
DA:159,6
DA:160,6
DA:161,6
DA:162,6
DA:163,2
DA:165,4
LF:53
LH:53
BRDA:14,0,0,2
BRDA:24,1,0,1
BRDA:48,2,0,1
BRDA:96,3,0,3
BRDA:100,4,0,2
BRDA:105,5,0,6
BRDA:105,5,1,3
BRDA:136,6,0,2
BRDA:162,7,0,2
BRF:9
BRH:9
end_of_record
TN:
SF:controllers/UserController.ts
FN:7,(anonymous_8)
FN:25,(anonymous_10)
FN:29,(anonymous_12)
FN:30,(anonymous_13)
FN:37,(anonymous_14)
FNF:5
FNH:5
FNDA:5,(anonymous_8)
FNDA:2,(anonymous_10)
FNDA:8,(anonymous_12)
FNDA:7,(anonymous_13)
FNDA:4,(anonymous_14)
DA:2,8
DA:5,8
DA:8,5
DA:10,5
DA:11,5
DA:12,3
DA:13,1
DA:15,2
DA:17,2
DA:18,2
DA:19,2
DA:20,2
DA:21,2
DA:22,2
DA:26,2
DA:27,2
DA:28,2
DA:29,8
DA:31,7
DA:32,7
DA:34,2
DA:38,4
DA:39,4
DA:40,4
DA:41,2
DA:43,2
DA:44,2
LF:27
LH:27
BRDA:11,0,0,3
BRDA:12,1,0,1
BRDA:40,2,0,2
BRF:3
BRH:3
end_of_record
TN:
SF:routes/FriendRoutes.ts
FNF:0
FNH:0
DA:1,8
DA:4,8
DA:6,8
LF:3
LH:3
BRF:0
BRH:0
end_of_record
TN:
SF:routes/LocationRoutes.ts
FNF:0
FNH:0
DA:1,8
DA:2,8
DA:4,8
DA:6,8
LF:4
LH:4
BRF:0
BRH:0
end_of_record
TN:
SF:routes/NotificationRoutes.ts
FNF:0
FNH:0
DA:1,8
DA:2,8
DA:4,8
DA:6,8
LF:4
LH:4
BRF:0
BRH:0
end_of_record
TN:
SF:routes/UserRoutes.ts
FNF:0
FNH:0
DA:1,8
DA:2,8
DA:4,8
DA:6,8
LF:4
LH:4
BRF:0
BRH:0
end_of_record
