TN:
SF:controllers/FriendController.ts
FN:6,(anonymous_8)
FN:28,(anonymous_10)
FN:64,(anonymous_12)
FN:70,(anonymous_14)
FN:70,(anonymous_15)
FN:88,(anonymous_16)
FN:120,(anonymous_18)
FN:141,(anonymous_20)
FNF:8
FNH:8
FNDA:15,(anonymous_8)
FNDA:10,(anonymous_10)
FNDA:5,(anonymous_12)
FNDA:2,(anonymous_14)
FNDA:2,(anonymous_15)
FNDA:7,(anonymous_16)
FNDA:5,(anonymous_18)
FNDA:5,(anonymous_20)
DA:2,9
DA:4,9
DA:7,15
DA:8,15
DA:9,15
DA:10,13
DA:11,13
DA:12,1
DA:13,1
DA:15,1
DA:16,1
DA:19,13
DA:22,2
DA:29,10
DA:31,10
DA:33,10
DA:34,2
DA:35,2
DA:38,8
DA:40,8
DA:41,2
DA:42,2
DA:46,6
DA:47,1
DA:48,1
DA:51,5
DA:52,2
DA:53,2
DA:56,3
DA:60,3
DA:65,5
DA:66,5
DA:67,5
DA:69,3
DA:70,2
DA:71,2
DA:72,2
DA:73,2
DA:74,2
DA:79,3
DA:81,2
DA:89,7
DA:91,7
DA:92,7
DA:93,7
DA:95,7
DA:96,2
DA:100,5
DA:101,2
DA:105,3
DA:106,2
DA:110,2
DA:112,2
DA:115,1
DA:121,5
DA:123,5
DA:124,5
DA:126,5
DA:127,2
DA:131,3
DA:133,2
DA:136,1
DA:142,5
DA:144,5
DA:145,5
DA:146,5
DA:148,5
DA:149,2
DA:153,3
DA:154,2
DA:156,2
DA:159,1
LF:72
LH:72
BRDA:9,0,0,13
BRDA:9,0,1,2
BRDA:13,1,0,1
BRDA:33,2,0,2
BRDA:33,3,0,10
BRDA:33,3,1,10
BRDA:40,4,0,2
BRDA:46,5,0,1
BRDA:46,6,0,6
BRDA:46,6,1,6
BRDA:51,7,0,2
BRDA:67,8,0,3
BRDA:67,8,1,2
BRDA:72,9,0,2
BRDA:95,10,0,2
BRDA:95,11,0,7
BRDA:95,11,1,5
BRDA:100,12,0,2
BRDA:126,13,0,2
BRDA:148,14,0,2
BRDA:148,15,0,5
BRDA:148,15,1,4
BRF:22
BRH:22
end_of_record
TN:
SF:controllers/LocationController.ts
FN:6,(anonymous_7)
FNF:1
FNH:1
FNDA:14,(anonymous_7)
DA:2,9
DA:4,9
DA:7,14
DA:8,14
DA:11,14
DA:12,14
DA:13,2
DA:14,2
DA:18,12
DA:19,12
LF:10
LH:10
BRDA:12,0,0,2
BRF:1
BRH:1
end_of_record
TN:
SF:controllers/NotificationController.ts
FN:6,(anonymous_7)
FN:34,(anonymous_9)
FN:80,(anonymous_10)
FN:87,(anonymous_11)
FN:134,(anonymous_13)
FN:156,(anonymous_14)
FNF:6
FNH:6
FNDA:5,(anonymous_7)
FNDA:9,(anonymous_9)
FNDA:7,(anonymous_10)
FNDA:11,(anonymous_11)
FNDA:10,(anonymous_13)
FNDA:16,(anonymous_14)
DA:2,11
DA:3,11
DA:5,11
DA:7,5
DA:8,5
DA:9,5
DA:12,5
DA:14,5
DA:15,2
DA:19,3
DA:24,3
DA:25,1
DA:28,2
DA:37,9
DA:44,9
DA:47,9
DA:48,14
DA:50,13
DA:56,13
DA:63,9
DA:67,9
DA:69,9
DA:77,9
DA:80,9
DA:83,9
DA:88,11
DA:89,11
DA:90,11
DA:92,11
DA:93,11
DA:95,11
DA:96,3
DA:99,8
DA:100,2
DA:103,6
DA:109,6
DA:111,6
DA:113,10
DA:119,10
DA:134,6
DA:135,10
DA:137,8
DA:146,6
DA:147,5
DA:152,1
DA:157,16
DA:158,16
DA:159,16
DA:160,16
DA:161,2
DA:163,14
LF:51
LH:51
BRDA:14,0,0,2
BRDA:24,1,0,1
BRDA:48,2,0,1
BRDA:95,3,0,3
BRDA:99,4,0,2
BRDA:104,5,0,6
BRDA:104,5,1,3
BRDA:135,6,0,2
BRDA:160,7,0,2
BRF:9
BRH:9
end_of_record
TN:
SF:controllers/UserController.ts
FN:6,(anonymous_8)
FN:24,(anonymous_10)
FN:28,(anonymous_12)
FN:29,(anonymous_13)
FN:36,(anonymous_14)
FNF:5
FNH:5
FNDA:5,(anonymous_8)
FNDA:2,(anonymous_10)
FNDA:8,(anonymous_12)
FNDA:7,(anonymous_13)
FNDA:4,(anonymous_14)
DA:2,9
DA:4,9
DA:7,5
DA:9,5
DA:10,5
DA:11,3
DA:12,1
DA:14,2
DA:16,2
DA:17,2
DA:18,2
DA:19,2
DA:20,2
DA:21,2
DA:25,2
DA:26,2
DA:27,2
DA:28,8
DA:30,7
DA:31,7
DA:33,2
DA:37,4
DA:38,4
DA:39,4
DA:40,2
DA:42,2
DA:43,2
LF:27
LH:27
BRDA:10,0,0,3
BRDA:11,1,0,1
BRDA:39,2,0,2
BRF:3
BRH:3
end_of_record
TN:
SF:routes/FriendRoutes.ts
FNF:0
FNH:0
DA:1,9
DA:3,9
DA:5,9
LF:3
LH:3
BRF:0
BRH:0
end_of_record
TN:
SF:routes/LocationRoutes.ts
FNF:0
FNH:0
DA:1,9
DA:2,9
DA:4,9
DA:6,9
LF:4
LH:4
BRF:0
BRH:0
end_of_record
TN:
SF:routes/NotificationRoutes.ts
FNF:0
FNH:0
DA:1,9
DA:2,9
DA:4,9
DA:6,9
LF:4
LH:4
BRF:0
BRH:0
end_of_record
TN:
SF:routes/UserRoutes.ts
FNF:0
FNH:0
DA:1,9
DA:2,9
DA:4,9
DA:6,9
LF:4
LH:4
BRF:0
BRH:0
end_of_record
